<?xml version="1.0" encoding="UTF-8"?>
<!-- Generated by org.testng.reporters.JUnitReportReporter -->
<testsuite hostname="USQROCOROZCOMA1" failures="0" tests="1" name="com.qa.tests.LoginTests" time="23.279" errors="0" timestamp="2024-09-21T14:34:45 CST" skipped="0">
  <testcase classname="com.qa.tests.LoginTests" name="invalidUserName" time="23.279"/>
</testsuite> <!-- com.qa.tests.LoginTests -->
